Detecting C compiler ABI info failed to compile with the following output:
Change Dir: /home/lev/yadi/DEVEL/41_SearchEngine/build/CMakeFiles/CMakeScratch/TryCompile-VtIZLz

Run Build Command(s):/usr/bin/gmake -f Makefile cmTC_f39d3/fast && /usr/bin/gmake  -f CMakeFiles/cmTC_f39d3.dir/build.make CMakeFiles/cmTC_f39d3.dir/build
gmake[1]: Entering directory '/home/lev/yadi/DEVEL/41_SearchEngine/build/CMakeFiles/CMakeScratch/TryCompile-VtIZLz'
Building C object CMakeFiles/cmTC_f39d3.dir/CMakeCCompilerABI.c.o
/usr/bin/x86_64-w64-mingw32-gcc   -v -o CMakeFiles/cmTC_f39d3.dir/CMakeCCompilerABI.c.o -c /usr/share/cmake-3.25/Modules/CMakeCCompilerABI.c
Using built-in specs.
COLLECT_GCC=/usr/bin/x86_64-w64-mingw32-gcc
Target: x86_64-w64-mingw32
Configured with: ../../src/configure --build=x86_64-linux-gnu --prefix=/usr --includedir='/usr/include' --mandir='/usr/share/man' --infodir='/usr/share/info' --sysconfdir=/etc --localstatedir=/var --disable-option-checking --disable-silent-rules --libdir='/usr/lib/x86_64-linux-gnu' --libexecdir='/usr/lib/x86_64-linux-gnu' --disable-maintainer-mode --disable-dependency-tracking --prefix=/usr --enable-shared --enable-static --disable-multilib --with-system-zlib --libexecdir=/usr/lib --without-included-gettext --libdir=/usr/lib --enable-libstdcxx-time=yes --with-tune=generic --with-headers --enable-version-specific-runtime-libs --enable-fully-dynamic-string --enable-libgomp --enable-languages=c,c++,fortran,objc,obj-c++,ada --enable-lto --enable-threads=win32 --program-suffix=-win32 --program-prefix=x86_64-w64-mingw32- --target=x86_64-w64-mingw32 --with-as=/usr/bin/x86_64-w64-mingw32-as --with-ld=/usr/bin/x86_64-w64-mingw32-ld --enable-libatomic --enable-libstdcxx-filesystem-ts=yes --enable-dependency-tracking SED=/bin/sed
Thread model: win32
Supported LTO compression algorithms: zlib
gcc version 12-win32 (GCC) 
COLLECT_GCC_OPTIONS='-v' '-o' 'CMakeFiles/cmTC_f39d3.dir/CMakeCCompilerABI.c.o' '-c' '-mtune=generic' '-march=x86-64' '-dumpdir' 'CMakeFiles/cmTC_f39d3.dir/'
 /usr/lib/gcc/x86_64-w64-mingw32/12-win32/cc1 -quiet -v -U_REENTRANT /usr/share/cmake-3.25/Modules/CMakeCCompilerABI.c -quiet -dumpdir CMakeFiles/cmTC_f39d3.dir/ -dumpbase CMakeCCompilerABI.c.c -dumpbase-ext .c -mtune=generic -march=x86-64 -version -o /tmp/ccQxScUp.s
GNU C17 (GCC) version 12-win32 (x86_64-w64-mingw32)
	compiled by GNU C version 12.2.0, GMP version 6.2.1, MPFR version 4.1.1-p1, MPC version 1.3.1, isl version isl-0.25-GMP

warning: MPFR header version 4.1.1-p1 differs from library version 4.2.0.
GGC heuristics: --param ggc-min-expand=100 --param ggc-min-heapsize=131072
ignoring nonexistent directory "/usr/lib/gcc/x86_64-w64-mingw32/12-win32/../../../../x86_64-w64-mingw32/sys-include"
#include "..." search starts here:
#include <...> search starts here:
 /usr/lib/gcc/x86_64-w64-mingw32/12-win32/include
 /usr/lib/gcc/x86_64-w64-mingw32/12-win32/include-fixed
 /usr/lib/gcc/x86_64-w64-mingw32/12-win32/../../../../x86_64-w64-mingw32/include
End of search list.
GNU C17 (GCC) version 12-win32 (x86_64-w64-mingw32)
	compiled by GNU C version 12.2.0, GMP version 6.2.1, MPFR version 4.1.1-p1, MPC version 1.3.1, isl version isl-0.25-GMP

warning: MPFR header version 4.1.1-p1 differs from library version 4.2.0.
GGC heuristics: --param ggc-min-expand=100 --param ggc-min-heapsize=131072
Compiler executable checksum: 64105a050565020e11b8856eae84c8f0
COLLECT_GCC_OPTIONS='-v' '-o' 'CMakeFiles/cmTC_f39d3.dir/CMakeCCompilerABI.c.o' '-c' '-mtune=generic' '-march=x86-64' '-dumpdir' 'CMakeFiles/cmTC_f39d3.dir/'
 /usr/bin/x86_64-w64-mingw32-as -v -o CMakeFiles/cmTC_f39d3.dir/CMakeCCompilerABI.c.o /tmp/ccQxScUp.s
GNU assembler version 2.40 (x86_64-w64-mingw32) using BFD version (GNU Binutils) 2.40
COMPILER_PATH=/usr/lib/gcc/x86_64-w64-mingw32/12-win32/:/usr/lib/gcc/x86_64-w64-mingw32/12-win32/:/usr/lib/gcc/x86_64-w64-mingw32/:/usr/lib/gcc/x86_64-w64-mingw32/12-win32/:/usr/lib/gcc/x86_64-w64-mingw32/:/usr/lib/gcc/x86_64-w64-mingw32/12-win32/../../../../x86_64-w64-mingw32/bin/
LIBRARY_PATH=/usr/lib/gcc/x86_64-w64-mingw32/12-win32/:/usr/lib/gcc/x86_64-w64-mingw32/12-win32/../../../../x86_64-w64-mingw32/lib/
COLLECT_GCC_OPTIONS='-v' '-o' 'CMakeFiles/cmTC_f39d3.dir/CMakeCCompilerABI.c.o' '-c' '-mtune=generic' '-march=x86-64' '-dumpdir' 'CMakeFiles/cmTC_f39d3.dir/CMakeCCompilerABI.c.'
Linking C executable cmTC_f39d3
/usr/bin/cmake -E cmake_link_script CMakeFiles/cmTC_f39d3.dir/link.txt --verbose=1
/usr/bin/x86_64-w64-mingw32-gcc  -v CMakeFiles/cmTC_f39d3.dir/CMakeCCompilerABI.c.o -o cmTC_f39d3 
Using built-in specs.
COLLECT_GCC=/usr/bin/x86_64-w64-mingw32-gcc
COLLECT_LTO_WRAPPER=/usr/lib/gcc/x86_64-w64-mingw32/12-win32/lto-wrapper
Target: x86_64-w64-mingw32
Configured with: ../../src/configure --build=x86_64-linux-gnu --prefix=/usr --includedir='/usr/include' --mandir='/usr/share/man' --infodir='/usr/share/info' --sysconfdir=/etc --localstatedir=/var --disable-option-checking --disable-silent-rules --libdir='/usr/lib/x86_64-linux-gnu' --libexecdir='/usr/lib/x86_64-linux-gnu' --disable-maintainer-mode --disable-dependency-tracking --prefix=/usr --enable-shared --enable-static --disable-multilib --with-system-zlib --libexecdir=/usr/lib --without-included-gettext --libdir=/usr/lib --enable-libstdcxx-time=yes --with-tune=generic --with-headers --enable-version-specific-runtime-libs --enable-fully-dynamic-string --enable-libgomp --enable-languages=c,c++,fortran,objc,obj-c++,ada --enable-lto --enable-threads=win32 --program-suffix=-win32 --program-prefix=x86_64-w64-mingw32- --target=x86_64-w64-mingw32 --with-as=/usr/bin/x86_64-w64-mingw32-as --with-ld=/usr/bin/x86_64-w64-mingw32-ld --enable-libatomic --enable-libstdcxx-filesystem-ts=yes --enable-dependency-tracking SED=/bin/sed
Thread model: win32
Supported LTO compression algorithms: zlib
gcc version 12-win32 (GCC) 
COMPILER_PATH=/usr/lib/gcc/x86_64-w64-mingw32/12-win32/:/usr/lib/gcc/x86_64-w64-mingw32/12-win32/:/usr/lib/gcc/x86_64-w64-mingw32/:/usr/lib/gcc/x86_64-w64-mingw32/12-win32/:/usr/lib/gcc/x86_64-w64-mingw32/:/usr/lib/gcc/x86_64-w64-mingw32/12-win32/../../../../x86_64-w64-mingw32/bin/
LIBRARY_PATH=/usr/lib/gcc/x86_64-w64-mingw32/12-win32/:/usr/lib/gcc/x86_64-w64-mingw32/12-win32/../../../../x86_64-w64-mingw32/lib/
COLLECT_GCC_OPTIONS='-v' '-o' 'cmTC_f39d3.exe' '-mtune=generic' '-march=x86-64' '-dumpdir' 'cmTC_f39d3.'
 /usr/lib/gcc/x86_64-w64-mingw32/12-win32/collect2 -plugin /usr/lib/gcc/x86_64-w64-mingw32/12-win32/liblto_plugin.so -plugin-opt=/usr/lib/gcc/x86_64-w64-mingw32/12-win32/lto-wrapper -plugin-opt=-fresolution=/tmp/ccMe9uRW.res -plugin-opt=-pass-through=-lmingw32 -plugin-opt=-pass-through=-lgcc -plugin-opt=-pass-through=-lgcc_eh -plugin-opt=-pass-through=-lmoldname -plugin-opt=-pass-through=-lmingwex -plugin-opt=-pass-through=-lmsvcrt -plugin-opt=-pass-through=-lkernel32 -plugin-opt=-pass-through=-ladvapi32 -plugin-opt=-pass-through=-lshell32 -plugin-opt=-pass-through=-luser32 -plugin-opt=-pass-through=-lkernel32 -plugin-opt=-pass-through=-lmingw32 -plugin-opt=-pass-through=-lgcc -plugin-opt=-pass-through=-lgcc_eh -plugin-opt=-pass-through=-lmoldname -plugin-opt=-pass-through=-lmingwex -plugin-opt=-pass-through=-lmsvcrt -plugin-opt=-pass-through=-lkernel32 -m i386pep -Bdynamic -o cmTC_f39d3.exe /usr/lib/gcc/x86_64-w64-mingw32/12-win32/../../../../x86_64-w64-mingw32/lib/crt2.o /usr/lib/gcc/x86_64-w64-mingw32/12-win32/crtbegin.o -L/usr/lib/gcc/x86_64-w64-mingw32/12-win32 -L/usr/lib/gcc/x86_64-w64-mingw32/12-win32/../../../../x86_64-w64-mingw32/lib CMakeFiles/cmTC_f39d3.dir/CMakeCCompilerABI.c.o -lmingw32 -lgcc -lgcc_eh -lmoldname -lmingwex -lmsvcrt -lkernel32 -ladvapi32 -lshell32 -luser32 -lkernel32 -lmingw32 -lgcc -lgcc_eh -lmoldname -lmingwex -lmsvcrt -lkernel32 /usr/lib/gcc/x86_64-w64-mingw32/12-win32/crtend.o
COLLECT_GCC_OPTIONS='-v' '-o' 'cmTC_f39d3.exe' '-mtune=generic' '-march=x86-64' '-dumpdir' 'cmTC_f39d3.'
gmake[1]: Leaving directory '/home/lev/yadi/DEVEL/41_SearchEngine/build/CMakeFiles/CMakeScratch/TryCompile-VtIZLz'


Cannot copy output executable
  ''
to destination specified by COPY_FILE:
  '/home/lev/yadi/DEVEL/41_SearchEngine/build/CMakeFiles/3.25.1/CMakeDetermineCompilerABI_C.bin'
Recorded try_compile output location doesn't exist:
  /home/lev/yadi/DEVEL/41_SearchEngine/build/CMakeFiles/CMakeScratch/TryCompile-VtIZLz/cmTC_f39d3


Detecting CXX compiler ABI info failed to compile with the following output:
Change Dir: /home/lev/yadi/DEVEL/41_SearchEngine/build/CMakeFiles/CMakeScratch/TryCompile-JzlINz

Run Build Command(s):/usr/bin/gmake -f Makefile cmTC_87913/fast && /usr/bin/gmake  -f CMakeFiles/cmTC_87913.dir/build.make CMakeFiles/cmTC_87913.dir/build
gmake[1]: Entering directory '/home/lev/yadi/DEVEL/41_SearchEngine/build/CMakeFiles/CMakeScratch/TryCompile-JzlINz'
Building CXX object CMakeFiles/cmTC_87913.dir/CMakeCXXCompilerABI.cpp.o
/usr/bin/x86_64-w64-mingw32-g++   -v -std=gnu++17 -o CMakeFiles/cmTC_87913.dir/CMakeCXXCompilerABI.cpp.o -c /usr/share/cmake-3.25/Modules/CMakeCXXCompilerABI.cpp
Using built-in specs.
COLLECT_GCC=/usr/bin/x86_64-w64-mingw32-g++
Target: x86_64-w64-mingw32
Configured with: ../../src/configure --build=x86_64-linux-gnu --prefix=/usr --includedir='/usr/include' --mandir='/usr/share/man' --infodir='/usr/share/info' --sysconfdir=/etc --localstatedir=/var --disable-option-checking --disable-silent-rules --libdir='/usr/lib/x86_64-linux-gnu' --libexecdir='/usr/lib/x86_64-linux-gnu' --disable-maintainer-mode --disable-dependency-tracking --prefix=/usr --enable-shared --enable-static --disable-multilib --with-system-zlib --libexecdir=/usr/lib --without-included-gettext --libdir=/usr/lib --enable-libstdcxx-time=yes --with-tune=generic --with-headers --enable-version-specific-runtime-libs --enable-fully-dynamic-string --enable-libgomp --enable-languages=c,c++,fortran,objc,obj-c++,ada --enable-lto --enable-threads=win32 --program-suffix=-win32 --program-prefix=x86_64-w64-mingw32- --target=x86_64-w64-mingw32 --with-as=/usr/bin/x86_64-w64-mingw32-as --with-ld=/usr/bin/x86_64-w64-mingw32-ld --enable-libatomic --enable-libstdcxx-filesystem-ts=yes --enable-dependency-tracking SED=/bin/sed
Thread model: win32
Supported LTO compression algorithms: zlib
gcc version 12-win32 (GCC) 
COLLECT_GCC_OPTIONS='-v' '-std=gnu++17' '-o' 'CMakeFiles/cmTC_87913.dir/CMakeCXXCompilerABI.cpp.o' '-c' '-shared-libgcc' '-mtune=generic' '-march=x86-64' '-dumpdir' 'CMakeFiles/cmTC_87913.dir/'
 /usr/lib/gcc/x86_64-w64-mingw32/12-win32/cc1plus -quiet -v -U_REENTRANT /usr/share/cmake-3.25/Modules/CMakeCXXCompilerABI.cpp -quiet -dumpdir CMakeFiles/cmTC_87913.dir/ -dumpbase CMakeCXXCompilerABI.cpp.cpp -dumpbase-ext .cpp -mtune=generic -march=x86-64 -std=gnu++17 -version -o /tmp/ccvm7nRC.s
GNU C++17 (GCC) version 12-win32 (x86_64-w64-mingw32)
	compiled by GNU C version 12.2.0, GMP version 6.2.1, MPFR version 4.1.1-p1, MPC version 1.3.1, isl version isl-0.25-GMP

warning: MPFR header version 4.1.1-p1 differs from library version 4.2.0.
GGC heuristics: --param ggc-min-expand=100 --param ggc-min-heapsize=131072
ignoring nonexistent directory "/usr/lib/gcc/x86_64-w64-mingw32/12-win32/../../../../x86_64-w64-mingw32/sys-include"
#include "..." search starts here:
#include <...> search starts here:
 /usr/lib/gcc/x86_64-w64-mingw32/12-win32/include/c++
 /usr/lib/gcc/x86_64-w64-mingw32/12-win32/include/c++/x86_64-w64-mingw32
 /usr/lib/gcc/x86_64-w64-mingw32/12-win32/include/c++/backward
 /usr/lib/gcc/x86_64-w64-mingw32/12-win32/include
 /usr/lib/gcc/x86_64-w64-mingw32/12-win32/include-fixed
 /usr/lib/gcc/x86_64-w64-mingw32/12-win32/../../../../x86_64-w64-mingw32/include
End of search list.
GNU C++17 (GCC) version 12-win32 (x86_64-w64-mingw32)
	compiled by GNU C version 12.2.0, GMP version 6.2.1, MPFR version 4.1.1-p1, MPC version 1.3.1, isl version isl-0.25-GMP

warning: MPFR header version 4.1.1-p1 differs from library version 4.2.0.
GGC heuristics: --param ggc-min-expand=100 --param ggc-min-heapsize=131072
Compiler executable checksum: 388fe3850a437d75cb1b8b3548fb400f
COLLECT_GCC_OPTIONS='-v' '-std=gnu++17' '-o' 'CMakeFiles/cmTC_87913.dir/CMakeCXXCompilerABI.cpp.o' '-c' '-shared-libgcc' '-mtune=generic' '-march=x86-64' '-dumpdir' 'CMakeFiles/cmTC_87913.dir/'
 /usr/bin/x86_64-w64-mingw32-as -v -o CMakeFiles/cmTC_87913.dir/CMakeCXXCompilerABI.cpp.o /tmp/ccvm7nRC.s
GNU assembler version 2.40 (x86_64-w64-mingw32) using BFD version (GNU Binutils) 2.40
COMPILER_PATH=/usr/lib/gcc/x86_64-w64-mingw32/12-win32/:/usr/lib/gcc/x86_64-w64-mingw32/12-win32/:/usr/lib/gcc/x86_64-w64-mingw32/:/usr/lib/gcc/x86_64-w64-mingw32/12-win32/:/usr/lib/gcc/x86_64-w64-mingw32/:/usr/lib/gcc/x86_64-w64-mingw32/12-win32/../../../../x86_64-w64-mingw32/bin/
LIBRARY_PATH=/usr/lib/gcc/x86_64-w64-mingw32/12-win32/:/usr/lib/gcc/x86_64-w64-mingw32/12-win32/../../../../x86_64-w64-mingw32/lib/
COLLECT_GCC_OPTIONS='-v' '-std=gnu++17' '-o' 'CMakeFiles/cmTC_87913.dir/CMakeCXXCompilerABI.cpp.o' '-c' '-shared-libgcc' '-mtune=generic' '-march=x86-64' '-dumpdir' 'CMakeFiles/cmTC_87913.dir/CMakeCXXCompilerABI.cpp.'
Linking CXX executable cmTC_87913
/usr/bin/cmake -E cmake_link_script CMakeFiles/cmTC_87913.dir/link.txt --verbose=1
/usr/bin/x86_64-w64-mingw32-g++  -v CMakeFiles/cmTC_87913.dir/CMakeCXXCompilerABI.cpp.o -o cmTC_87913 
Using built-in specs.
COLLECT_GCC=/usr/bin/x86_64-w64-mingw32-g++
COLLECT_LTO_WRAPPER=/usr/lib/gcc/x86_64-w64-mingw32/12-win32/lto-wrapper
Target: x86_64-w64-mingw32
Configured with: ../../src/configure --build=x86_64-linux-gnu --prefix=/usr --includedir='/usr/include' --mandir='/usr/share/man' --infodir='/usr/share/info' --sysconfdir=/etc --localstatedir=/var --disable-option-checking --disable-silent-rules --libdir='/usr/lib/x86_64-linux-gnu' --libexecdir='/usr/lib/x86_64-linux-gnu' --disable-maintainer-mode --disable-dependency-tracking --prefix=/usr --enable-shared --enable-static --disable-multilib --with-system-zlib --libexecdir=/usr/lib --without-included-gettext --libdir=/usr/lib --enable-libstdcxx-time=yes --with-tune=generic --with-headers --enable-version-specific-runtime-libs --enable-fully-dynamic-string --enable-libgomp --enable-languages=c,c++,fortran,objc,obj-c++,ada --enable-lto --enable-threads=win32 --program-suffix=-win32 --program-prefix=x86_64-w64-mingw32- --target=x86_64-w64-mingw32 --with-as=/usr/bin/x86_64-w64-mingw32-as --with-ld=/usr/bin/x86_64-w64-mingw32-ld --enable-libatomic --enable-libstdcxx-filesystem-ts=yes --enable-dependency-tracking SED=/bin/sed
Thread model: win32
Supported LTO compression algorithms: zlib
gcc version 12-win32 (GCC) 
COMPILER_PATH=/usr/lib/gcc/x86_64-w64-mingw32/12-win32/:/usr/lib/gcc/x86_64-w64-mingw32/12-win32/:/usr/lib/gcc/x86_64-w64-mingw32/:/usr/lib/gcc/x86_64-w64-mingw32/12-win32/:/usr/lib/gcc/x86_64-w64-mingw32/:/usr/lib/gcc/x86_64-w64-mingw32/12-win32/../../../../x86_64-w64-mingw32/bin/
LIBRARY_PATH=/usr/lib/gcc/x86_64-w64-mingw32/12-win32/:/usr/lib/gcc/x86_64-w64-mingw32/12-win32/../../../../x86_64-w64-mingw32/lib/
COLLECT_GCC_OPTIONS='-v' '-o' 'cmTC_87913.exe' '-shared-libgcc' '-mtune=generic' '-march=x86-64' '-dumpdir' 'cmTC_87913.'
 /usr/lib/gcc/x86_64-w64-mingw32/12-win32/collect2 -plugin /usr/lib/gcc/x86_64-w64-mingw32/12-win32/liblto_plugin.so -plugin-opt=/usr/lib/gcc/x86_64-w64-mingw32/12-win32/lto-wrapper -plugin-opt=-fresolution=/tmp/ccVmwSSP.res -plugin-opt=-pass-through=-lmingw32 -plugin-opt=-pass-through=-lgcc_s -plugin-opt=-pass-through=-lgcc -plugin-opt=-pass-through=-lmoldname -plugin-opt=-pass-through=-lmingwex -plugin-opt=-pass-through=-lmsvcrt -plugin-opt=-pass-through=-lkernel32 -plugin-opt=-pass-through=-ladvapi32 -plugin-opt=-pass-through=-lshell32 -plugin-opt=-pass-through=-luser32 -plugin-opt=-pass-through=-lkernel32 -plugin-opt=-pass-through=-lmingw32 -plugin-opt=-pass-through=-lgcc_s -plugin-opt=-pass-through=-lgcc -plugin-opt=-pass-through=-lmoldname -plugin-opt=-pass-through=-lmingwex -plugin-opt=-pass-through=-lmsvcrt -plugin-opt=-pass-through=-lkernel32 -m i386pep -Bdynamic -o cmTC_87913.exe /usr/lib/gcc/x86_64-w64-mingw32/12-win32/../../../../x86_64-w64-mingw32/lib/crt2.o /usr/lib/gcc/x86_64-w64-mingw32/12-win32/crtbegin.o -L/usr/lib/gcc/x86_64-w64-mingw32/12-win32 -L/usr/lib/gcc/x86_64-w64-mingw32/12-win32/../../../../x86_64-w64-mingw32/lib CMakeFiles/cmTC_87913.dir/CMakeCXXCompilerABI.cpp.o -lstdc++ -lmingw32 -lgcc_s -lgcc -lmoldname -lmingwex -lmsvcrt -lkernel32 -ladvapi32 -lshell32 -luser32 -lkernel32 -lmingw32 -lgcc_s -lgcc -lmoldname -lmingwex -lmsvcrt -lkernel32 /usr/lib/gcc/x86_64-w64-mingw32/12-win32/crtend.o
COLLECT_GCC_OPTIONS='-v' '-o' 'cmTC_87913.exe' '-shared-libgcc' '-mtune=generic' '-march=x86-64' '-dumpdir' 'cmTC_87913.'
gmake[1]: Leaving directory '/home/lev/yadi/DEVEL/41_SearchEngine/build/CMakeFiles/CMakeScratch/TryCompile-JzlINz'


Cannot copy output executable
  ''
to destination specified by COPY_FILE:
  '/home/lev/yadi/DEVEL/41_SearchEngine/build/CMakeFiles/3.25.1/CMakeDetermineCompilerABI_CXX.bin'
Recorded try_compile output location doesn't exist:
  /home/lev/yadi/DEVEL/41_SearchEngine/build/CMakeFiles/CMakeScratch/TryCompile-JzlINz/cmTC_87913


