The system is: Linux - 6.1.0-31-amd64 - x86_64
Compiling the C compiler identification source file "CMakeCCompilerId.c" succeeded.
Compiler: /usr/bin/x86_64-w64-mingw32-gcc 
Build flags: 
Id flags:  

The output was:
0


Compilation of the C compiler identification source "CMakeCCompilerId.c" produced "a.exe"

The C compiler identification is GNU, found in "/home/lev/yadi/DEVEL/41_SearchEngine/build/CMakeFiles/3.25.1/CompilerIdC/a.exe"

Compiling the CXX compiler identification source file "CMakeCXXCompilerId.cpp" succeeded.
Compiler: /usr/bin/x86_64-w64-mingw32-g++ 
Build flags: 
Id flags:  

The output was:
0


Compilation of the CXX compiler identification source "CMakeCXXCompilerId.cpp" produced "a.exe"

The CXX compiler identification is GNU, found in "/home/lev/yadi/DEVEL/41_SearchEngine/build/CMakeFiles/3.25.1/CompilerIdCXX/a.exe"

Determining if the C compiler works passed with the following output:
Change Dir: /home/lev/yadi/DEVEL/41_SearchEngine/build/CMakeFiles/CMakeScratch/TryCompile-pOxbfD

Run Build Command(s):/usr/bin/gmake -f Makefile cmTC_826ed/fast && /usr/bin/gmake  -f CMakeFiles/cmTC_826ed.dir/build.make CMakeFiles/cmTC_826ed.dir/build
gmake[1]: вход в каталог «/home/lev/yadi/DEVEL/41_SearchEngine/build/CMakeFiles/CMakeScratch/TryCompile-pOxbfD»
Building C object CMakeFiles/cmTC_826ed.dir/testCCompiler.c.o
/usr/bin/x86_64-w64-mingw32-gcc    -o CMakeFiles/cmTC_826ed.dir/testCCompiler.c.o -c /home/lev/yadi/DEVEL/41_SearchEngine/build/CMakeFiles/CMakeScratch/TryCompile-pOxbfD/testCCompiler.c
Linking C executable cmTC_826ed
/usr/bin/cmake -E cmake_link_script CMakeFiles/cmTC_826ed.dir/link.txt --verbose=1
/usr/bin/x86_64-w64-mingw32-gcc CMakeFiles/cmTC_826ed.dir/testCCompiler.c.o -o cmTC_826ed 
gmake[1]: выход из каталога «/home/lev/yadi/DEVEL/41_SearchEngine/build/CMakeFiles/CMakeScratch/TryCompile-pOxbfD»



Determining if the C++ compiler works passed with the following output:
Change Dir: /home/lev/yadi/DEVEL/41_SearchEngine/build/CMakeFiles/CMakeScratch/TryCompile-w9MLdr

Run Build Command(s):/usr/bin/gmake -f Makefile cmTC_889ae/fast && /usr/bin/gmake  -f CMakeFiles/cmTC_889ae.dir/build.make CMakeFiles/cmTC_889ae.dir/build
gmake[1]: вход в каталог «/home/lev/yadi/DEVEL/41_SearchEngine/build/CMakeFiles/CMakeScratch/TryCompile-w9MLdr»
Building CXX object CMakeFiles/cmTC_889ae.dir/testCXXCompiler.cxx.o
/usr/bin/x86_64-w64-mingw32-g++   -std=gnu++17 -o CMakeFiles/cmTC_889ae.dir/testCXXCompiler.cxx.o -c /home/lev/yadi/DEVEL/41_SearchEngine/build/CMakeFiles/CMakeScratch/TryCompile-w9MLdr/testCXXCompiler.cxx
Linking CXX executable cmTC_889ae
/usr/bin/cmake -E cmake_link_script CMakeFiles/cmTC_889ae.dir/link.txt --verbose=1
/usr/bin/x86_64-w64-mingw32-g++ CMakeFiles/cmTC_889ae.dir/testCXXCompiler.cxx.o -o cmTC_889ae 
gmake[1]: выход из каталога «/home/lev/yadi/DEVEL/41_SearchEngine/build/CMakeFiles/CMakeScratch/TryCompile-w9MLdr»



